<?xml version="1.0" encoding="UTF-8"?>
<testng-results ignored="0" total="6" passed="6" failed="0" skipped="0">
  <reporter-output>
  </reporter-output>
  <suite started-at="2023-03-30T12:44:57 IST" name="TutorialsNinja Automation Suite" finished-at="2023-03-30T12:46:46 IST" duration-ms="109360">
    <groups>
    </groups>
    <test started-at="2023-03-30T12:44:57 IST" name="TutorialsNinja Tests" finished-at="2023-03-30T12:46:46 IST" duration-ms="109360">
      <class name="com.tutorialsninja.qa.testcases.RegisterTest">
        <test-method is-config="true" signature="setup()[pri:0, instance:com.tutorialsninja.qa.testcases.RegisterTest@7193666c]" started-at="2023-03-30T12:44:58 IST" name="setup" finished-at="2023-03-30T12:45:40 IST" duration-ms="42054" status="PASS">
          <reporter-output>
          </reporter-output>
        </test-method> <!-- setup -->
        <test-method signature="verifyRegisteringAnAccountWithMandatoryFields()[pri:1, instance:com.tutorialsninja.qa.testcases.RegisterTest@7193666c]" started-at="2023-03-30T12:45:40 IST" name="verifyRegisteringAnAccountWithMandatoryFields" finished-at="2023-03-30T12:45:45 IST" duration-ms="4724" status="PASS">
          <reporter-output>
          </reporter-output>
        </test-method> <!-- verifyRegisteringAnAccountWithMandatoryFields -->
        <test-method is-config="true" signature="tearDown()[pri:0, instance:com.tutorialsninja.qa.testcases.RegisterTest@7193666c]" started-at="2023-03-30T12:45:45 IST" name="tearDown" finished-at="2023-03-30T12:45:46 IST" duration-ms="1422" status="PASS">
          <reporter-output>
          </reporter-output>
        </test-method> <!-- tearDown -->
      </class> <!-- com.tutorialsninja.qa.testcases.RegisterTest -->
      <class name="com.tutorialsninja.qa.testcases.SearchTest">
        <test-method is-config="true" signature="setup()[pri:0, instance:com.tutorialsninja.qa.testcases.SearchTest@661972b0]" started-at="2023-03-30T12:46:37 IST" name="setup" finished-at="2023-03-30T12:46:45 IST" duration-ms="8397" status="PASS">
          <reporter-output>
          </reporter-output>
        </test-method> <!-- setup -->
        <test-method signature="verifySearchWithValidProduct()[pri:1, instance:com.tutorialsninja.qa.testcases.SearchTest@661972b0]" started-at="2023-03-30T12:46:45 IST" name="verifySearchWithValidProduct" finished-at="2023-03-30T12:46:46 IST" duration-ms="966" status="PASS">
          <reporter-output>
          </reporter-output>
        </test-method> <!-- verifySearchWithValidProduct -->
        <test-method is-config="true" signature="tearDown()[pri:0, instance:com.tutorialsninja.qa.testcases.SearchTest@661972b0]" started-at="2023-03-30T12:46:46 IST" name="tearDown" finished-at="2023-03-30T12:46:46 IST" duration-ms="382" status="PASS">
          <reporter-output>
          </reporter-output>
        </test-method> <!-- tearDown -->
      </class> <!-- com.tutorialsninja.qa.testcases.SearchTest -->
      <class name="com.tutorialsninja.qa.testcases.LoginTest">
        <test-method is-config="true" signature="setup()[pri:0, instance:com.tutorialsninja.qa.testcases.LoginTest@3bb9a3ff]" started-at="2023-03-30T12:45:46 IST" name="setup" finished-at="2023-03-30T12:45:56 IST" duration-ms="10274" status="PASS">
          <reporter-output>
          </reporter-output>
        </test-method> <!-- setup -->
        <test-method signature="verifyLoginWithInvalidCredentials()[pri:2, instance:com.tutorialsninja.qa.testcases.LoginTest@3bb9a3ff]" started-at="2023-03-30T12:45:56 IST" name="verifyLoginWithInvalidCredentials" finished-at="2023-03-30T12:45:57 IST" duration-ms="1154" status="PASS">
          <reporter-output>
          </reporter-output>
        </test-method> <!-- verifyLoginWithInvalidCredentials -->
        <test-method is-config="true" signature="tearDown()[pri:0, instance:com.tutorialsninja.qa.testcases.LoginTest@3bb9a3ff]" started-at="2023-03-30T12:45:57 IST" name="tearDown" finished-at="2023-03-30T12:45:58 IST" duration-ms="383" status="PASS">
          <reporter-output>
          </reporter-output>
        </test-method> <!-- tearDown -->
        <test-method is-config="true" signature="setup()[pri:0, instance:com.tutorialsninja.qa.testcases.LoginTest@3bb9a3ff]" started-at="2023-03-30T12:45:58 IST" name="setup" finished-at="2023-03-30T12:46:06 IST" duration-ms="7851" status="PASS">
          <reporter-output>
          </reporter-output>
        </test-method> <!-- setup -->
        <test-method signature="verifyLoginWithInvalidEmailAndValidPassword()[pri:3, instance:com.tutorialsninja.qa.testcases.LoginTest@3bb9a3ff]" started-at="2023-03-30T12:46:06 IST" name="verifyLoginWithInvalidEmailAndValidPassword" finished-at="2023-03-30T12:46:07 IST" duration-ms="1035" status="PASS">
          <reporter-output>
          </reporter-output>
        </test-method> <!-- verifyLoginWithInvalidEmailAndValidPassword -->
        <test-method is-config="true" signature="tearDown()[pri:0, instance:com.tutorialsninja.qa.testcases.LoginTest@3bb9a3ff]" started-at="2023-03-30T12:46:07 IST" name="tearDown" finished-at="2023-03-30T12:46:07 IST" duration-ms="347" status="PASS">
          <reporter-output>
          </reporter-output>
        </test-method> <!-- tearDown -->
        <test-method is-config="true" signature="setup()[pri:0, instance:com.tutorialsninja.qa.testcases.LoginTest@3bb9a3ff]" started-at="2023-03-30T12:46:07 IST" name="setup" finished-at="2023-03-30T12:46:13 IST" duration-ms="6431" status="PASS">
          <reporter-output>
          </reporter-output>
        </test-method> <!-- setup -->
        <test-method signature="verifyLoginWithValidEmailAndInvalidPassword()[pri:4, instance:com.tutorialsninja.qa.testcases.LoginTest@3bb9a3ff]" started-at="2023-03-30T12:46:13 IST" name="verifyLoginWithValidEmailAndInvalidPassword" finished-at="2023-03-30T12:46:14 IST" duration-ms="1020" status="PASS">
          <reporter-output>
          </reporter-output>
        </test-method> <!-- verifyLoginWithValidEmailAndInvalidPassword -->
        <test-method is-config="true" signature="tearDown()[pri:0, instance:com.tutorialsninja.qa.testcases.LoginTest@3bb9a3ff]" started-at="2023-03-30T12:46:14 IST" name="tearDown" finished-at="2023-03-30T12:46:15 IST" duration-ms="381" status="PASS">
          <reporter-output>
          </reporter-output>
        </test-method> <!-- tearDown -->
        <test-method is-config="true" signature="setup()[pri:0, instance:com.tutorialsninja.qa.testcases.LoginTest@3bb9a3ff]" started-at="2023-03-30T12:46:15 IST" name="setup" finished-at="2023-03-30T12:46:32 IST" duration-ms="17483" status="PASS">
          <reporter-output>
          </reporter-output>
        </test-method> <!-- setup -->
        <test-method signature="verifyLoginWithoutProvidingCredentials()[pri:5, instance:com.tutorialsninja.qa.testcases.LoginTest@3bb9a3ff]" started-at="2023-03-30T12:46:32 IST" name="verifyLoginWithoutProvidingCredentials" finished-at="2023-03-30T12:46:33 IST" duration-ms="493" status="PASS">
          <reporter-output>
          </reporter-output>
        </test-method> <!-- verifyLoginWithoutProvidingCredentials -->
        <test-method is-config="true" signature="tearDown()[pri:0, instance:com.tutorialsninja.qa.testcases.LoginTest@3bb9a3ff]" started-at="2023-03-30T12:46:33 IST" name="tearDown" finished-at="2023-03-30T12:46:37 IST" duration-ms="3786" status="PASS">
          <reporter-output>
          </reporter-output>
        </test-method> <!-- tearDown -->
      </class> <!-- com.tutorialsninja.qa.testcases.LoginTest -->
    </test> <!-- TutorialsNinja Tests -->
  </suite> <!-- TutorialsNinja Automation Suite -->
</testng-results>
