<?xml version="1.0" encoding="UTF-8"?>
<testng-results ignored="0" total="4" passed="4" failed="0" skipped="0">
  <reporter-output>
  </reporter-output>
  <suite started-at="2023-03-30T11:59:53 IST" name="Default suite" finished-at="2023-03-30T12:00:41 IST" duration-ms="48745">
    <groups>
    </groups>
    <test started-at="2023-03-30T11:59:53 IST" name="Default test" finished-at="2023-03-30T12:00:41 IST" duration-ms="48745">
      <class name="com.tutorialsninja.qa.testcases.LoginTest">
        <test-method is-config="true" signature="setup()[pri:0, instance:com.tutorialsninja.qa.testcases.LoginTest@6adbc9d]" started-at="2023-03-30T11:59:53 IST" name="setup" finished-at="2023-03-30T12:00:12 IST" duration-ms="19552" status="PASS">
          <reporter-output>
          </reporter-output>
        </test-method> <!-- setup -->
        <test-method signature="verifyLoginWithInvalidCredentials()[pri:2, instance:com.tutorialsninja.qa.testcases.LoginTest@6adbc9d]" started-at="2023-03-30T12:00:12 IST" name="verifyLoginWithInvalidCredentials" finished-at="2023-03-30T12:00:15 IST" duration-ms="2874" status="PASS">
          <reporter-output>
          </reporter-output>
        </test-method> <!-- verifyLoginWithInvalidCredentials -->
        <test-method is-config="true" signature="tearDown()[pri:0, instance:com.tutorialsninja.qa.testcases.LoginTest@6adbc9d]" started-at="2023-03-30T12:00:15 IST" name="tearDown" finished-at="2023-03-30T12:00:16 IST" duration-ms="776" status="PASS">
          <reporter-output>
          </reporter-output>
        </test-method> <!-- tearDown -->
        <test-method is-config="true" signature="setup()[pri:0, instance:com.tutorialsninja.qa.testcases.LoginTest@6adbc9d]" started-at="2023-03-30T12:00:16 IST" name="setup" finished-at="2023-03-30T12:00:22 IST" duration-ms="6448" status="PASS">
          <reporter-output>
          </reporter-output>
        </test-method> <!-- setup -->
        <test-method signature="verifyLoginWithInvalidEmailAndValidPassword()[pri:3, instance:com.tutorialsninja.qa.testcases.LoginTest@6adbc9d]" started-at="2023-03-30T12:00:22 IST" name="verifyLoginWithInvalidEmailAndValidPassword" finished-at="2023-03-30T12:00:24 IST" duration-ms="1165" status="PASS">
          <reporter-output>
          </reporter-output>
        </test-method> <!-- verifyLoginWithInvalidEmailAndValidPassword -->
        <test-method is-config="true" signature="tearDown()[pri:0, instance:com.tutorialsninja.qa.testcases.LoginTest@6adbc9d]" started-at="2023-03-30T12:00:24 IST" name="tearDown" finished-at="2023-03-30T12:00:24 IST" duration-ms="404" status="PASS">
          <reporter-output>
          </reporter-output>
        </test-method> <!-- tearDown -->
        <test-method is-config="true" signature="setup()[pri:0, instance:com.tutorialsninja.qa.testcases.LoginTest@6adbc9d]" started-at="2023-03-30T12:00:24 IST" name="setup" finished-at="2023-03-30T12:00:31 IST" duration-ms="7353" status="PASS">
          <reporter-output>
          </reporter-output>
        </test-method> <!-- setup -->
        <test-method signature="verifyLoginWithValidEmailAndInvalidPassword()[pri:4, instance:com.tutorialsninja.qa.testcases.LoginTest@6adbc9d]" started-at="2023-03-30T12:00:31 IST" name="verifyLoginWithValidEmailAndInvalidPassword" finished-at="2023-03-30T12:00:32 IST" duration-ms="1019" status="PASS">
          <reporter-output>
          </reporter-output>
        </test-method> <!-- verifyLoginWithValidEmailAndInvalidPassword -->
        <test-method is-config="true" signature="tearDown()[pri:0, instance:com.tutorialsninja.qa.testcases.LoginTest@6adbc9d]" started-at="2023-03-30T12:00:32 IST" name="tearDown" finished-at="2023-03-30T12:00:33 IST" duration-ms="500" status="PASS">
          <reporter-output>
          </reporter-output>
        </test-method> <!-- tearDown -->
        <test-method is-config="true" signature="setup()[pri:0, instance:com.tutorialsninja.qa.testcases.LoginTest@6adbc9d]" started-at="2023-03-30T12:00:33 IST" name="setup" finished-at="2023-03-30T12:00:40 IST" duration-ms="7470" status="PASS">
          <reporter-output>
          </reporter-output>
        </test-method> <!-- setup -->
        <test-method signature="verifyLoginWithoutProvidingCredentials()[pri:5, instance:com.tutorialsninja.qa.testcases.LoginTest@6adbc9d]" started-at="2023-03-30T12:00:40 IST" name="verifyLoginWithoutProvidingCredentials" finished-at="2023-03-30T12:00:41 IST" duration-ms="497" status="PASS">
          <reporter-output>
          </reporter-output>
        </test-method> <!-- verifyLoginWithoutProvidingCredentials -->
        <test-method is-config="true" signature="tearDown()[pri:0, instance:com.tutorialsninja.qa.testcases.LoginTest@6adbc9d]" started-at="2023-03-30T12:00:41 IST" name="tearDown" finished-at="2023-03-30T12:00:41 IST" duration-ms="550" status="PASS">
          <reporter-output>
          </reporter-output>
        </test-method> <!-- tearDown -->
      </class> <!-- com.tutorialsninja.qa.testcases.LoginTest -->
    </test> <!-- Default test -->
  </suite> <!-- Default suite -->
</testng-results>
